<?xml version="1.0" encoding="UTF-8"?>
<!-- Generated by org.testng.reporters.JUnitXMLReporter -->
<testsuite hostname="ZGC-20160219WUL" name="Default test" tests="2" failures="0" timestamp="14 Mar 2016 03:31:20 GMT" time="33.789" errors="0">
  <testcase name="tc01_Login" time="6.741" classname="cn.suning.automation.testSuite.mail163.TestSuite02"/>
  <testcase name="tc02_writeMail" time="18.406" classname="cn.suning.automation.testSuite.mail163.TestSuite02"/>
</testsuite> <!-- Default test -->
