<?xml version="1.0" encoding="UTF-8"?>
<testng-results skipped="2" failed="0" total="2" passed="0">
  <reporter-output>
  </reporter-output>
  <suite name="Default suite" duration-ms="109" started-at="2016-07-14T09:10:45Z" finished-at="2016-07-14T09:10:45Z">
    <groups>
    </groups>
    <test name="Default test" duration-ms="109" started-at="2016-07-14T09:10:45Z" finished-at="2016-07-14T09:10:45Z">
      <class name="com.joyce.automation.testSuite.mail163.TestSuite02">
        <test-method status="FAIL" signature="beforeMethod()[pri:0, instance:com.joyce.automation.testSuite.mail163.TestSuite02@7d1dd0b7]" name="beforeMethod" is-config="true" duration-ms="0" started-at="2016-07-14T17:10:45Z" finished-at="2016-07-14T17:10:45Z">
          <exception class="java.lang.ExceptionInInitializerError">
            <full-stacktrace>
              <![CDATA[java.lang.ExceptionInInitializerError
	at org.openqa.selenium.firefox.FirefoxBinary.<init>(FirefoxBinary.java:60)
	at org.openqa.selenium.firefox.FirefoxBinary.<init>(FirefoxBinary.java:56)
	at org.openqa.selenium.firefox.FirefoxDriver.<init>(FirefoxDriver.java:120)
	at com.joyce.automation.keyword.DriverFactory.initWebDriver(DriverFactory.java:59)
	at com.joyce.automation.testSuite.mail163.TestSuite02.beforeMethod(TestSuite02.java:35)
	at sun.reflect.NativeMethodAccessorImpl.invoke0(Native Method)
	at sun.reflect.NativeMethodAccessorImpl.invoke(NativeMethodAccessorImpl.java:57)
	at sun.reflect.DelegatingMethodAccessorImpl.invoke(DelegatingMethodAccessorImpl.java:43)
	at java.lang.reflect.Method.invoke(Method.java:606)
	at org.testng.internal.MethodInvocationHelper.invokeMethod(MethodInvocationHelper.java:86)
	at org.testng.internal.Invoker.invokeConfigurationMethod(Invoker.java:514)
	at org.testng.internal.Invoker.invokeConfigurations(Invoker.java:215)
	at org.testng.internal.Invoker.invokeConfigurations(Invoker.java:142)
	at org.testng.internal.TestMethodWorker.invokeBeforeClassMethods(TestMethodWorker.java:178)
	at org.testng.internal.TestMethodWorker.run(TestMethodWorker.java:108)
	at org.testng.TestRunner.privateRun(TestRunner.java:782)
	at org.testng.TestRunner.run(TestRunner.java:632)
	at org.testng.SuiteRunner.runTest(SuiteRunner.java:366)
	at org.testng.SuiteRunner.runSequentially(SuiteRunner.java:361)
	at org.testng.SuiteRunner.privateRun(SuiteRunner.java:319)
	at org.testng.SuiteRunner.run(SuiteRunner.java:268)
	at org.testng.SuiteRunnerWorker.runSuite(SuiteRunnerWorker.java:52)
	at org.testng.SuiteRunnerWorker.run(SuiteRunnerWorker.java:86)
	at org.testng.TestNG.runSuitesSequentially(TestNG.java:1244)
	at org.testng.TestNG.runSuitesLocally(TestNG.java:1169)
	at org.testng.TestNG.run(TestNG.java:1064)
	at org.testng.remote.RemoteTestNG.run(RemoteTestNG.java:113)
	at org.testng.remote.RemoteTestNG.initAndRun(RemoteTestNG.java:206)
	at org.testng.remote.RemoteTestNG.main(RemoteTestNG.java:177)
Caused by: org.openqa.selenium.WebDriverException: 'webdriver.firefox.bin' property set, but unable to locate the requested binary: C:\soft\Firefox_44.0.2.5884\firefox.exe .exe
Build info: version: '2.52.0', revision: '4c2593cfc3689a7fcd7be52549167e5ccc93ad28', time: '2016-02-11 11:22:43'
System info: host: 'BZD112544', ip: '10.232.12.119', os.name: 'Windows 7', os.arch: 'amd64', os.version: '6.1', java.version: '1.7.0_55'
Driver info: driver.version: FirefoxDriver
	at org.openqa.selenium.firefox.internal.Executable.locateFirefoxBinaryFromSystemProperty(Executable.java:146)
	at org.openqa.selenium.firefox.internal.Executable.<clinit>(Executable.java:45)
	... 29 more
]]>
            </full-stacktrace>
          </exception> <!-- java.lang.ExceptionInInitializerError -->
          <reporter-output>
          </reporter-output>
        </test-method> <!-- beforeMethod -->
        <test-method status="SKIP" signature="tc01_Login()[pri:0, instance:com.joyce.automation.testSuite.mail163.TestSuite02@7d1dd0b7]" name="tc01_Login" duration-ms="4" started-at="2016-07-14T17:10:45Z" finished-at="2016-07-14T17:10:45Z">
          <reporter-output>
          </reporter-output>
        </test-method> <!-- tc01_Login -->
        <test-method status="SKIP" signature="tc02_writeMail()[pri:0, instance:com.joyce.automation.testSuite.mail163.TestSuite02@7d1dd0b7]" name="tc02_writeMail" duration-ms="3" started-at="2016-07-14T17:10:45Z" finished-at="2016-07-14T17:10:45Z">
          <reporter-output>
          </reporter-output>
        </test-method> <!-- tc02_writeMail -->
        <test-method status="SKIP" signature="afterMethod()[pri:0, instance:com.joyce.automation.testSuite.mail163.TestSuite02@7d1dd0b7]" name="afterMethod" is-config="true" duration-ms="0" started-at="2016-07-14T17:10:45Z" finished-at="2016-07-14T17:10:45Z">
          <reporter-output>
          </reporter-output>
        </test-method> <!-- afterMethod -->
      </class> <!-- com.joyce.automation.testSuite.mail163.TestSuite02 -->
    </test> <!-- Default test -->
  </suite> <!-- Default suite -->
</testng-results>
